[2025-05-21 14:41:22] [INFO   ]  Custom Logger Initialized 
[2025-05-21 14:41:22] [INFO   ] [NOTICE] TerraformGenerator will suppress the server's watchdog while generating chunks to prevent unnecessary stacktrace warnings. Unless you specifically need thewatchdog now (to take aikar timings or debug lag), you don't need to take any action. 
[2025-05-21 14:41:22] [INFO   ] It is recommended to pregenerate to reduce lag problems. 
[2025-05-21 14:41:22] [INFO   ] Watchdog Thread hooked. 
[2025-05-21 14:41:22] [INFO   ]  bStats Metrics enabled. 
[2025-05-21 14:41:22] [INFO   ]  Detected version: 1.21.3, number: 21.3 
[2025-05-21 14:41:22] [INFO   ] Unfreezing biome registry... 
[2025-05-21 14:41:22] [INFO   ] Registered custom biome: muddy_bog 
[2025-05-21 14:41:22] [INFO   ] Registered custom biome: cherry_grove 
[2025-05-21 14:41:22] [INFO   ] Registered custom biome: scarlet_forest 
[2025-05-21 14:41:22] [INFO   ] Registered custom biome: crystalline_cluster 
[2025-05-21 14:41:22] [INFO   ] Freezing biome registry 
[2025-05-21 14:41:22] [INFO   ] [Structure Registry] Registered Large Structure: VillageHousePopulator 
[2025-05-21 14:41:22] [INFO   ] [Structure Registry] Registered Large Structure: VillagePopulator 
[2025-05-21 14:41:22] [INFO   ] [Structure Registry] Registered Large Structure: OutpostPopulator 
[2025-05-21 14:41:22] [INFO   ] [Structure Registry] Registered Large Structure: PyramidPopulator 
[2025-05-21 14:41:22] [INFO   ] [Structure Registry] Registered Large Structure: MonumentPopulator 
[2025-05-21 14:41:22] [INFO   ] [Structure Registry] Registered Large Structure: StrongholdPopulator 
[2025-05-21 14:41:22] [INFO   ] [Structure Registry] Registered Large Structure: MansionPopulator 
[2025-05-21 14:41:22] [INFO   ] [Structure Registry] Registered Large Structure: AncientCityPopulator 
[2025-05-21 14:41:22] [INFO   ] [Structure Registry] Registered Large Structure: TrialChamberPopulator 
[2025-05-21 14:41:22] [INFO   ] [Structure Registry] Registered Large Structure: LargeCavePopulator 
[2025-05-21 14:41:22] [INFO   ] [Structure Registry] Registered Large Structure: MineshaftPopulator 
[2025-05-21 14:41:22] [INFO   ] [Structure Registry] Registered Large Structure: CatacombsPopulator 
[2025-05-21 14:41:22] [INFO   ] [Structure Registry] Registered Large Structure: BadlandsMinePopulator 
[2025-05-21 14:41:22] [INFO   ] [Structure Registry] Registered Large Structure: WarmOceanRuinsPopulator 
[2025-05-21 14:41:22] [INFO   ] [Structure Registry] Registered Large Structure: TrailRuinsPopulator 
[2025-05-21 14:41:22] [INFO   ] [Structure Registry] Registered Small Structure: SmallDungeonPopulator 
[2025-05-21 14:41:22] [INFO   ] [Structure Registry] Registered Small Structure: ShipwreckPopulator 
[2025-05-21 14:41:22] [INFO   ] [Structure Registry] Registered Small Structure: BuriedTreasurePopulator 
[2025-05-21 14:41:22] [INFO   ] [Structure Registry] Registered Small Structure: RuinedPortalPopulator 
[2025-05-21 14:41:22] [INFO   ] [Structure Registry] Registered Small Structure: IglooPopulator 
[2025-05-21 14:41:22] [INFO   ] [Structure Registry] Registered Small Structure: DesertWellPopulator 
[2025-05-21 14:41:22] [INFO   ] [Structure Registry] Registered Small Structure: WitchHutPopulator 
[2025-05-21 14:48:23] [INFO   ]  Custom Logger Initialized 
[2025-05-21 14:48:23] [INFO   ] [NOTICE] TerraformGenerator will suppress the server's watchdog while generating chunks to prevent unnecessary stacktrace warnings. Unless you specifically need thewatchdog now (to take aikar timings or debug lag), you don't need to take any action. 
[2025-05-21 14:48:23] [INFO   ] It is recommended to pregenerate to reduce lag problems. 
[2025-05-21 14:48:23] [INFO   ] Watchdog Thread hooked. 
[2025-05-21 14:48:23] [INFO   ]  bStats Metrics enabled. 
[2025-05-21 14:48:23] [INFO   ]  Detected version: 1.21.3, number: 21.3 
[2025-05-21 14:48:23] [INFO   ] Unfreezing biome registry... 
[2025-05-21 14:48:23] [INFO   ] Registered custom biome: muddy_bog 
[2025-05-21 14:48:23] [INFO   ] Registered custom biome: cherry_grove 
[2025-05-21 14:48:23] [INFO   ] Registered custom biome: scarlet_forest 
[2025-05-21 14:48:23] [INFO   ] Registered custom biome: crystalline_cluster 
[2025-05-21 14:48:23] [INFO   ] Freezing biome registry 
[2025-05-21 14:48:23] [INFO   ] [Structure Registry] Registered Large Structure: VillageHousePopulator 
[2025-05-21 14:48:23] [INFO   ] [Structure Registry] Registered Large Structure: VillagePopulator 
[2025-05-21 14:48:23] [INFO   ] [Structure Registry] Registered Large Structure: OutpostPopulator 
[2025-05-21 14:48:23] [INFO   ] [Structure Registry] Registered Large Structure: PyramidPopulator 
[2025-05-21 14:48:23] [INFO   ] [Structure Registry] Registered Large Structure: MonumentPopulator 
[2025-05-21 14:48:23] [INFO   ] [Structure Registry] Registered Large Structure: StrongholdPopulator 
[2025-05-21 14:48:23] [INFO   ] [Structure Registry] Registered Large Structure: MansionPopulator 
[2025-05-21 14:48:23] [INFO   ] [Structure Registry] Registered Large Structure: AncientCityPopulator 
[2025-05-21 14:48:23] [INFO   ] [Structure Registry] Registered Large Structure: TrialChamberPopulator 
[2025-05-21 14:48:23] [INFO   ] [Structure Registry] Registered Large Structure: LargeCavePopulator 
[2025-05-21 14:48:23] [INFO   ] [Structure Registry] Registered Large Structure: MineshaftPopulator 
[2025-05-21 14:48:23] [INFO   ] [Structure Registry] Registered Large Structure: CatacombsPopulator 
[2025-05-21 14:48:23] [INFO   ] [Structure Registry] Registered Large Structure: BadlandsMinePopulator 
[2025-05-21 14:48:23] [INFO   ] [Structure Registry] Registered Large Structure: WarmOceanRuinsPopulator 
[2025-05-21 14:48:23] [INFO   ] [Structure Registry] Registered Large Structure: TrailRuinsPopulator 
[2025-05-21 14:48:23] [INFO   ] [Structure Registry] Registered Small Structure: SmallDungeonPopulator 
[2025-05-21 14:48:23] [INFO   ] [Structure Registry] Registered Small Structure: ShipwreckPopulator 
[2025-05-21 14:48:23] [INFO   ] [Structure Registry] Registered Small Structure: BuriedTreasurePopulator 
[2025-05-21 14:48:23] [INFO   ] [Structure Registry] Registered Small Structure: RuinedPortalPopulator 
[2025-05-21 14:48:23] [INFO   ] [Structure Registry] Registered Small Structure: IglooPopulator 
[2025-05-21 14:48:23] [INFO   ] [Structure Registry] Registered Small Structure: DesertWellPopulator 
[2025-05-21 14:48:23] [INFO   ] [Structure Registry] Registered Small Structure: WitchHutPopulator 
[2025-05-21 14:48:23] [INFO   ] Creating TW instance: world - 9110761117206617627 
[2025-05-21 14:48:23] [INFO   ]  Detected world: world, commencing injection...  
[2025-05-21 14:48:23] [INFO   ] Creating TW instance: world - 9110761117206617627 
[2025-05-21 14:48:23] [INFO   ] NMSChunkGenerator Delegate is of type CustomChunkGenerator 
[2025-05-21 14:48:23] [INFO   ] Post injection: getChunkSource().getChunkGenerator() is of type NMSChunkGenerator 
[2025-05-21 14:48:23] [INFO   ]  Injection success! Proceeding with generation. 
[2025-05-21 14:48:24] [INFO   ] Will spawn stronghold at: CoordPair[x=292, z=1377] 
[2025-05-21 14:48:30] [INFO   ] Spawning CaveFluidClusterPopulator at 0,-16,0 
[2025-05-21 14:48:30] [INFO   ] Spawning FrozenCavePopulator at 0,-16,1 
[2025-05-21 14:48:30] [INFO   ] Spawning MossyCavePopulator at 0,-14,5 
[2025-05-21 14:48:30] [INFO   ] Spawning DeepCavePopulator at 14,-39,0 
[2025-05-21 14:48:30] [INFO   ] Registered: org.terraform.structure.mineshaft.ShaftRoomPopulator at 246 13 353 in a room of size 15x15 
[2025-05-21 14:48:30] [INFO   ] Registered: org.terraform.structure.mineshaft.CaveSpiderDenPopulator at 294 13 279 in a room of size 14x14 
[2025-05-21 14:48:30] [INFO   ] Registered: org.terraform.structure.mineshaft.CaveSpiderDenPopulator at 324 13 246 in a room of size 14x13 
[2025-05-21 14:48:30] [INFO   ] Registered: org.terraform.structure.mineshaft.CaveSpiderDenPopulator at 386 13 264 in a room of size 15x13 
[2025-05-21 14:48:30] [INFO   ] Registered: org.terraform.structure.mineshaft.SmeltingHallPopulator at 333 13 367 in a room of size 14x15 
[2025-05-21 14:48:30] [INFO   ] Registered: org.terraform.structure.mineshaft.ShaftRoomPopulator at 329 13 279 in a room of size 15x14 
[2025-05-21 14:48:30] [INFO   ] Registered: org.terraform.structure.mineshaft.CaveSpiderDenPopulator at 388 13 334 in a room of size 13x13 
[2025-05-21 14:48:30] [INFO   ] Registered: org.terraform.structure.mineshaft.SmeltingHallPopulator at 367 13 365 in a room of size 13x14 
[2025-05-21 14:48:30] [INFO   ] Registered: org.terraform.structure.mineshaft.ShaftRoomPopulator at 283 13 309 in a room of size 15x14 
[2025-05-21 14:48:30] [INFO   ] Registered: org.terraform.structure.mineshaft.SmeltingHallPopulator at 341 28 373 in a room of size 13x13 
[2025-05-21 14:48:30] [INFO   ] Registered: org.terraform.structure.mineshaft.ShaftTopPopulator at 283 28 309 in a room of size 15x7 
[2025-05-21 14:48:30] [INFO   ] Registered: org.terraform.structure.mineshaft.CaveSpiderDenPopulator at 349 28 315 in a room of size 14x15 
[2025-05-21 14:48:30] [INFO   ] Registered: org.terraform.structure.mineshaft.SmeltingHallPopulator at 301 28 391 in a room of size 15x14 
[2025-05-21 14:48:30] [INFO   ] Registered: org.terraform.structure.mineshaft.CaveSpiderDenPopulator at 323 28 349 in a room of size 15x15 
[2025-05-21 14:48:30] [INFO   ] Registered: org.terraform.structure.mineshaft.ShaftTopPopulator at 246 28 353 in a room of size 15x7 
[2025-05-21 14:48:30] [INFO   ] Registered: org.terraform.structure.mineshaft.CaveSpiderDenPopulator at 363 28 339 in a room of size 13x14 
[2025-05-21 14:48:30] [INFO   ] Registered: org.terraform.structure.mineshaft.SmeltingHallPopulator at 279 28 278 in a room of size 13x14 
[2025-05-21 14:48:30] [INFO   ] Registered: org.terraform.structure.mineshaft.ShaftTopPopulator at 329 28 279 in a room of size 15x7 
[2025-05-21 14:48:30] [INFO   ] Registered: org.terraform.structure.mineshaft.SmeltingHallPopulator at 254 28 295 in a room of size 14x15 
[2025-05-21 14:48:30] [INFO   ] Registered: org.terraform.structure.mineshaft.CaveSpiderDenPopulator at 349 28 350 in a room of size 15x14 
[2025-05-21 14:48:30] [INFO   ] Registered: org.terraform.structure.mineshaft.SmeltingHallPopulator at 329 28 329 in a room of size 15x13 
[2025-05-21 14:48:30] [INFO   ] Large Cave at -192,13,-192 has water level > -16 with populator GenericLargeCavePopulator 
[2025-05-21 14:48:30] [INFO   ] Large Cave at -192,10,320 has water level > -29 with populator LargeLushCavePopulator 
[2025-05-21 14:48:33] [INFO   ] Spawning LushClusterCavePopulator at -64,36,-64 
[2025-05-21 14:48:34] [INFO   ] Spawning DripstoneClusterCavePopulator at 0,-16,-64 
[2025-05-21 14:48:34] [INFO   ]  world loaded. 
[2025-05-21 14:48:48] [INFO   ] Spawning CrystallineClusterCavePopulator at 0,-17,-86 
[2025-05-21 14:48:56] [INFO   ] [0, 0],32 will spawn a vanilla structure, with tryGenerateStructure == true 
[2025-05-21 14:48:56] [INFO   ] Generating org.terraform.structure.small.shipwreck.ShipwreckPopulator at chunk: 5,-11 
[2025-05-21 14:48:56] [INFO   ] Spawning shipwreck at 82, 46, -175 with rotation of NORTH 
[2025-05-21 14:48:59] [INFO   ] Generating org.terraform.structure.small.dungeon.SmallDungeonPopulator at chunk: -6,-18 
[2025-05-21 14:48:59] [INFO   ] Spawning Drowned Dungeon at -90,-283 
[2025-05-21 14:49:02] [INFO   ] Generating org.terraform.structure.caves.LargeCavePopulator at chunk: -12,-12 
[2025-05-21 14:49:04] [INFO   ] Falling back to NMS bee spawning (addEntity api not present) 
[2025-05-21 14:49:06] [INFO   ] Generating org.terraform.structure.small.shipwreck.ShipwreckPopulator at chunk: 6,-20 
[2025-05-21 14:49:06] [INFO   ] Spawning shipwreck at 106, 15, -306 with rotation of NORTH 
[2025-05-21 14:49:11] [INFO   ] Generating org.terraform.structure.small.ruinedportal.RuinedPortalPopulator at chunk: -13,-22 
[2025-05-21 14:49:21] [INFO   ] Generating org.terraform.structure.small.dungeon.SmallDungeonPopulator at chunk: 13,-14 
[2025-05-21 14:49:21] [INFO   ] Spawning Underground Dungeon at 223,10,-218 
[2025-05-21 14:49:38] [INFO   ] Generating org.terraform.structure.small.dungeon.SmallDungeonPopulator at chunk: 13,9 
[2025-05-21 14:49:38] [INFO   ] Spawning Underground Dungeon at 215,72,150 
[2025-05-21 14:49:47] [INFO   ] Minecart with chest at: 359, 13, 264 
[2025-05-21 14:49:48] [INFO   ] Minecart with chest at: 246, 13, 284 
[2025-05-21 14:49:48] [INFO   ] Minecart with chest at: 339, 13, 279 
[2025-05-21 14:55:22] [INFO   ]  Custom Logger Initialized 
[2025-05-21 14:55:22] [INFO   ] [NOTICE] TerraformGenerator will suppress the server's watchdog while generating chunks to prevent unnecessary stacktrace warnings. Unless you specifically need thewatchdog now (to take aikar timings or debug lag), you don't need to take any action. 
[2025-05-21 14:55:22] [INFO   ] It is recommended to pregenerate to reduce lag problems. 
[2025-05-21 14:55:22] [INFO   ] Watchdog Thread hooked. 
[2025-05-21 14:55:22] [INFO   ]  bStats Metrics enabled. 
[2025-05-21 14:55:22] [INFO   ]  Detected version: 1.21.3, number: 21.3 
[2025-05-21 14:55:22] [INFO   ] Unfreezing biome registry... 
[2025-05-21 14:55:22] [INFO   ] Registered custom biome: muddy_bog 
[2025-05-21 14:55:22] [INFO   ] Registered custom biome: cherry_grove 
[2025-05-21 14:55:22] [INFO   ] Registered custom biome: scarlet_forest 
[2025-05-21 14:55:22] [INFO   ] Registered custom biome: crystalline_cluster 
[2025-05-21 14:55:22] [INFO   ] Freezing biome registry 
[2025-05-21 14:55:22] [INFO   ] [Structure Registry] Registered Large Structure: VillageHousePopulator 
[2025-05-21 14:55:22] [INFO   ] [Structure Registry] Registered Large Structure: VillagePopulator 
[2025-05-21 14:55:22] [INFO   ] [Structure Registry] Registered Large Structure: OutpostPopulator 
[2025-05-21 14:55:22] [INFO   ] [Structure Registry] Registered Large Structure: PyramidPopulator 
[2025-05-21 14:55:22] [INFO   ] [Structure Registry] Registered Large Structure: MonumentPopulator 
[2025-05-21 14:55:22] [INFO   ] [Structure Registry] Registered Large Structure: StrongholdPopulator 
[2025-05-21 14:55:22] [INFO   ] [Structure Registry] Registered Large Structure: MansionPopulator 
[2025-05-21 14:55:22] [INFO   ] [Structure Registry] Registered Large Structure: AncientCityPopulator 
[2025-05-21 14:55:22] [INFO   ] [Structure Registry] Registered Large Structure: TrialChamberPopulator 
[2025-05-21 14:55:22] [INFO   ] [Structure Registry] Registered Large Structure: LargeCavePopulator 
[2025-05-21 14:55:22] [INFO   ] [Structure Registry] Registered Large Structure: MineshaftPopulator 
[2025-05-21 14:55:22] [INFO   ] [Structure Registry] Registered Large Structure: CatacombsPopulator 
[2025-05-21 14:55:22] [INFO   ] [Structure Registry] Registered Large Structure: BadlandsMinePopulator 
[2025-05-21 14:55:22] [INFO   ] [Structure Registry] Registered Large Structure: WarmOceanRuinsPopulator 
[2025-05-21 14:55:22] [INFO   ] [Structure Registry] Registered Large Structure: TrailRuinsPopulator 
[2025-05-21 14:55:22] [INFO   ] [Structure Registry] Registered Small Structure: SmallDungeonPopulator 
[2025-05-21 14:55:22] [INFO   ] [Structure Registry] Registered Small Structure: ShipwreckPopulator 
[2025-05-21 14:55:22] [INFO   ] [Structure Registry] Registered Small Structure: BuriedTreasurePopulator 
[2025-05-21 14:55:22] [INFO   ] [Structure Registry] Registered Small Structure: RuinedPortalPopulator 
[2025-05-21 14:55:22] [INFO   ] [Structure Registry] Registered Small Structure: IglooPopulator 
[2025-05-21 14:55:22] [INFO   ] [Structure Registry] Registered Small Structure: DesertWellPopulator 
[2025-05-21 14:55:22] [INFO   ] [Structure Registry] Registered Small Structure: WitchHutPopulator 
[2025-05-21 14:55:22] [INFO   ] Creating TW instance: world - 9110761117206617627 
[2025-05-21 14:55:23] [INFO   ]  Detected world: world, commencing injection...  
[2025-05-21 14:55:23] [INFO   ] Creating TW instance: world - 9110761117206617627 
[2025-05-21 14:55:23] [INFO   ] NMSChunkGenerator Delegate is of type CustomChunkGenerator 
[2025-05-21 14:55:23] [INFO   ] Post injection: getChunkSource().getChunkGenerator() is of type NMSChunkGenerator 
[2025-05-21 14:55:23] [INFO   ]  Injection success! Proceeding with generation. 
[2025-05-21 14:55:24] [INFO   ]  world loaded. 
[2025-05-21 14:59:41] [INFO   ]  Custom Logger Initialized 
[2025-05-21 14:59:41] [INFO   ] [NOTICE] TerraformGenerator will suppress the server's watchdog while generating chunks to prevent unnecessary stacktrace warnings. Unless you specifically need thewatchdog now (to take aikar timings or debug lag), you don't need to take any action. 
[2025-05-21 14:59:41] [INFO   ] It is recommended to pregenerate to reduce lag problems. 
[2025-05-21 14:59:41] [INFO   ] Watchdog Thread hooked. 
[2025-05-21 14:59:41] [INFO   ]  bStats Metrics enabled. 
[2025-05-21 14:59:41] [INFO   ]  Detected version: 1.21.3, number: 21.3 
[2025-05-21 14:59:41] [INFO   ] Unfreezing biome registry... 
[2025-05-21 14:59:41] [INFO   ] Registered custom biome: muddy_bog 
[2025-05-21 14:59:41] [INFO   ] Registered custom biome: cherry_grove 
[2025-05-21 14:59:41] [INFO   ] Registered custom biome: scarlet_forest 
[2025-05-21 14:59:41] [INFO   ] Registered custom biome: crystalline_cluster 
[2025-05-21 14:59:41] [INFO   ] Freezing biome registry 
[2025-05-21 14:59:41] [INFO   ] [Structure Registry] Registered Large Structure: VillageHousePopulator 
[2025-05-21 14:59:41] [INFO   ] [Structure Registry] Registered Large Structure: VillagePopulator 
[2025-05-21 14:59:41] [INFO   ] [Structure Registry] Registered Large Structure: OutpostPopulator 
[2025-05-21 14:59:41] [INFO   ] [Structure Registry] Registered Large Structure: PyramidPopulator 
[2025-05-21 14:59:41] [INFO   ] [Structure Registry] Registered Large Structure: MonumentPopulator 
[2025-05-21 14:59:41] [INFO   ] [Structure Registry] Registered Large Structure: StrongholdPopulator 
[2025-05-21 14:59:41] [INFO   ] [Structure Registry] Registered Large Structure: MansionPopulator 
[2025-05-21 14:59:41] [INFO   ] [Structure Registry] Registered Large Structure: AncientCityPopulator 
[2025-05-21 14:59:41] [INFO   ] [Structure Registry] Registered Large Structure: TrialChamberPopulator 
[2025-05-21 14:59:41] [INFO   ] [Structure Registry] Registered Large Structure: LargeCavePopulator 
[2025-05-21 14:59:41] [INFO   ] [Structure Registry] Registered Large Structure: MineshaftPopulator 
[2025-05-21 14:59:41] [INFO   ] [Structure Registry] Registered Large Structure: CatacombsPopulator 
[2025-05-21 14:59:41] [INFO   ] [Structure Registry] Registered Large Structure: BadlandsMinePopulator 
[2025-05-21 14:59:41] [INFO   ] [Structure Registry] Registered Large Structure: WarmOceanRuinsPopulator 
[2025-05-21 14:59:41] [INFO   ] [Structure Registry] Registered Large Structure: TrailRuinsPopulator 
[2025-05-21 14:59:41] [INFO   ] [Structure Registry] Registered Small Structure: SmallDungeonPopulator 
[2025-05-21 14:59:41] [INFO   ] [Structure Registry] Registered Small Structure: ShipwreckPopulator 
[2025-05-21 14:59:41] [INFO   ] [Structure Registry] Registered Small Structure: BuriedTreasurePopulator 
[2025-05-21 14:59:41] [INFO   ] [Structure Registry] Registered Small Structure: RuinedPortalPopulator 
[2025-05-21 14:59:41] [INFO   ] [Structure Registry] Registered Small Structure: IglooPopulator 
[2025-05-21 14:59:41] [INFO   ] [Structure Registry] Registered Small Structure: DesertWellPopulator 
[2025-05-21 14:59:41] [INFO   ] [Structure Registry] Registered Small Structure: WitchHutPopulator 
[2025-05-21 14:59:42] [INFO   ] Creating TW instance: world - 9110761117206617627 
[2025-05-21 14:59:42] [INFO   ]  Detected world: world, commencing injection...  
[2025-05-21 14:59:42] [INFO   ] Creating TW instance: world - 9110761117206617627 
[2025-05-21 14:59:42] [INFO   ] NMSChunkGenerator Delegate is of type CustomChunkGenerator 
[2025-05-21 14:59:42] [INFO   ] Post injection: getChunkSource().getChunkGenerator() is of type NMSChunkGenerator 
[2025-05-21 14:59:42] [INFO   ]  Injection success! Proceeding with generation. 
[2025-05-21 14:59:44] [INFO   ]  world loaded. 
[2025-05-21 15:01:25] [INFO   ]  Custom Logger Initialized 
[2025-05-21 15:01:25] [INFO   ] [NOTICE] TerraformGenerator will suppress the server's watchdog while generating chunks to prevent unnecessary stacktrace warnings. Unless you specifically need thewatchdog now (to take aikar timings or debug lag), you don't need to take any action. 
[2025-05-21 15:01:25] [INFO   ] It is recommended to pregenerate to reduce lag problems. 
[2025-05-21 15:01:25] [INFO   ] Watchdog Thread hooked. 
[2025-05-21 15:01:25] [INFO   ]  bStats Metrics enabled. 
[2025-05-21 15:01:25] [INFO   ]  Detected version: 1.21.3, number: 21.3 
[2025-05-21 15:01:25] [INFO   ] Unfreezing biome registry... 
[2025-05-21 15:01:25] [INFO   ] Registered custom biome: muddy_bog 
[2025-05-21 15:01:25] [INFO   ] Registered custom biome: cherry_grove 
[2025-05-21 15:01:25] [INFO   ] Registered custom biome: scarlet_forest 
[2025-05-21 15:01:25] [INFO   ] Registered custom biome: crystalline_cluster 
[2025-05-21 15:01:25] [INFO   ] Freezing biome registry 
[2025-05-21 15:01:25] [INFO   ] [Structure Registry] Registered Large Structure: VillageHousePopulator 
[2025-05-21 15:01:25] [INFO   ] [Structure Registry] Registered Large Structure: VillagePopulator 
[2025-05-21 15:01:25] [INFO   ] [Structure Registry] Registered Large Structure: OutpostPopulator 
[2025-05-21 15:01:25] [INFO   ] [Structure Registry] Registered Large Structure: PyramidPopulator 
[2025-05-21 15:01:25] [INFO   ] [Structure Registry] Registered Large Structure: MonumentPopulator 
[2025-05-21 15:01:25] [INFO   ] [Structure Registry] Registered Large Structure: StrongholdPopulator 
[2025-05-21 15:01:25] [INFO   ] [Structure Registry] Registered Large Structure: MansionPopulator 
[2025-05-21 15:01:25] [INFO   ] [Structure Registry] Registered Large Structure: AncientCityPopulator 
[2025-05-21 15:01:25] [INFO   ] [Structure Registry] Registered Large Structure: TrialChamberPopulator 
[2025-05-21 15:01:25] [INFO   ] [Structure Registry] Registered Large Structure: LargeCavePopulator 
[2025-05-21 15:01:25] [INFO   ] [Structure Registry] Registered Large Structure: MineshaftPopulator 
[2025-05-21 15:01:25] [INFO   ] [Structure Registry] Registered Large Structure: CatacombsPopulator 
[2025-05-21 15:01:25] [INFO   ] [Structure Registry] Registered Large Structure: BadlandsMinePopulator 
[2025-05-21 15:01:25] [INFO   ] [Structure Registry] Registered Large Structure: WarmOceanRuinsPopulator 
[2025-05-21 15:01:25] [INFO   ] [Structure Registry] Registered Large Structure: TrailRuinsPopulator 
[2025-05-21 15:01:25] [INFO   ] [Structure Registry] Registered Small Structure: SmallDungeonPopulator 
[2025-05-21 15:01:25] [INFO   ] [Structure Registry] Registered Small Structure: ShipwreckPopulator 
[2025-05-21 15:01:25] [INFO   ] [Structure Registry] Registered Small Structure: BuriedTreasurePopulator 
[2025-05-21 15:01:25] [INFO   ] [Structure Registry] Registered Small Structure: RuinedPortalPopulator 
[2025-05-21 15:01:25] [INFO   ] [Structure Registry] Registered Small Structure: IglooPopulator 
[2025-05-21 15:01:25] [INFO   ] [Structure Registry] Registered Small Structure: DesertWellPopulator 
[2025-05-21 15:01:25] [INFO   ] [Structure Registry] Registered Small Structure: WitchHutPopulator 
[2025-05-21 15:01:26] [INFO   ] Creating TW instance: world - 9110761117206617627 
[2025-05-21 15:01:26] [INFO   ]  Detected world: world, commencing injection...  
[2025-05-21 15:01:26] [INFO   ] Creating TW instance: world - 9110761117206617627 
[2025-05-21 15:01:26] [INFO   ] NMSChunkGenerator Delegate is of type CustomChunkGenerator 
[2025-05-21 15:01:26] [INFO   ] Post injection: getChunkSource().getChunkGenerator() is of type NMSChunkGenerator 
[2025-05-21 15:01:26] [INFO   ]  Injection success! Proceeding with generation. 
[2025-05-21 15:01:28] [INFO   ]  world loaded. 
[2025-05-21 15:06:43] [INFO   ]  Custom Logger Initialized 
[2025-05-21 15:06:43] [INFO   ] [NOTICE] TerraformGenerator will suppress the server's watchdog while generating chunks to prevent unnecessary stacktrace warnings. Unless you specifically need thewatchdog now (to take aikar timings or debug lag), you don't need to take any action. 
[2025-05-21 15:06:43] [INFO   ] It is recommended to pregenerate to reduce lag problems. 
[2025-05-21 15:06:43] [INFO   ] Watchdog Thread hooked. 
[2025-05-21 15:06:43] [INFO   ]  bStats Metrics enabled. 
[2025-05-21 15:06:43] [INFO   ]  Detected version: 1.21.3, number: 21.3 
[2025-05-21 15:06:43] [INFO   ] Unfreezing biome registry... 
[2025-05-21 15:06:43] [INFO   ] Registered custom biome: muddy_bog 
[2025-05-21 15:06:43] [INFO   ] Registered custom biome: cherry_grove 
[2025-05-21 15:06:43] [INFO   ] Registered custom biome: scarlet_forest 
[2025-05-21 15:06:43] [INFO   ] Registered custom biome: crystalline_cluster 
[2025-05-21 15:06:43] [INFO   ] Freezing biome registry 
[2025-05-21 15:06:43] [INFO   ] [Structure Registry] Registered Large Structure: VillageHousePopulator 
[2025-05-21 15:06:43] [INFO   ] [Structure Registry] Registered Large Structure: VillagePopulator 
[2025-05-21 15:06:43] [INFO   ] [Structure Registry] Registered Large Structure: OutpostPopulator 
[2025-05-21 15:06:43] [INFO   ] [Structure Registry] Registered Large Structure: PyramidPopulator 
[2025-05-21 15:06:43] [INFO   ] [Structure Registry] Registered Large Structure: MonumentPopulator 
[2025-05-21 15:06:43] [INFO   ] [Structure Registry] Registered Large Structure: StrongholdPopulator 
[2025-05-21 15:06:43] [INFO   ] [Structure Registry] Registered Large Structure: MansionPopulator 
[2025-05-21 15:06:43] [INFO   ] [Structure Registry] Registered Large Structure: AncientCityPopulator 
[2025-05-21 15:06:43] [INFO   ] [Structure Registry] Registered Large Structure: TrialChamberPopulator 
[2025-05-21 15:06:43] [INFO   ] [Structure Registry] Registered Large Structure: LargeCavePopulator 
[2025-05-21 15:06:43] [INFO   ] [Structure Registry] Registered Large Structure: MineshaftPopulator 
[2025-05-21 15:06:43] [INFO   ] [Structure Registry] Registered Large Structure: CatacombsPopulator 
[2025-05-21 15:06:43] [INFO   ] [Structure Registry] Registered Large Structure: BadlandsMinePopulator 
[2025-05-21 15:06:43] [INFO   ] [Structure Registry] Registered Large Structure: WarmOceanRuinsPopulator 
[2025-05-21 15:06:43] [INFO   ] [Structure Registry] Registered Large Structure: TrailRuinsPopulator 
[2025-05-21 15:06:43] [INFO   ] [Structure Registry] Registered Small Structure: SmallDungeonPopulator 
[2025-05-21 15:06:43] [INFO   ] [Structure Registry] Registered Small Structure: ShipwreckPopulator 
[2025-05-21 15:06:43] [INFO   ] [Structure Registry] Registered Small Structure: BuriedTreasurePopulator 
[2025-05-21 15:06:43] [INFO   ] [Structure Registry] Registered Small Structure: RuinedPortalPopulator 
[2025-05-21 15:06:43] [INFO   ] [Structure Registry] Registered Small Structure: IglooPopulator 
[2025-05-21 15:06:43] [INFO   ] [Structure Registry] Registered Small Structure: DesertWellPopulator 
[2025-05-21 15:06:43] [INFO   ] [Structure Registry] Registered Small Structure: WitchHutPopulator 
[2025-05-21 15:06:43] [INFO   ] Creating TW instance: world - 9110761117206617627 
[2025-05-21 15:06:44] [INFO   ]  Detected world: world, commencing injection...  
[2025-05-21 15:06:44] [INFO   ] Creating TW instance: world - 9110761117206617627 
[2025-05-21 15:06:44] [INFO   ] NMSChunkGenerator Delegate is of type CustomChunkGenerator 
[2025-05-21 15:06:44] [INFO   ] Post injection: getChunkSource().getChunkGenerator() is of type NMSChunkGenerator 
[2025-05-21 15:06:44] [INFO   ]  Injection success! Proceeding with generation. 
[2025-05-21 15:06:45] [INFO   ]  world loaded. 
[2025-05-21 15:42:12] [INFO   ]  Custom Logger Initialized 
[2025-05-21 15:42:12] [INFO   ] [NOTICE] TerraformGenerator will suppress the server's watchdog while generating chunks to prevent unnecessary stacktrace warnings. Unless you specifically need thewatchdog now (to take aikar timings or debug lag), you don't need to take any action. 
[2025-05-21 15:42:12] [INFO   ] It is recommended to pregenerate to reduce lag problems. 
[2025-05-21 15:42:12] [INFO   ] Watchdog Thread hooked. 
[2025-05-21 15:42:12] [INFO   ]  bStats Metrics enabled. 
[2025-05-21 15:42:12] [INFO   ]  Detected version: 1.21.3, number: 21.3 
[2025-05-21 15:42:12] [INFO   ] Unfreezing biome registry... 
[2025-05-21 15:42:12] [INFO   ] Registered custom biome: muddy_bog 
[2025-05-21 15:42:12] [INFO   ] Registered custom biome: cherry_grove 
[2025-05-21 15:42:12] [INFO   ] Registered custom biome: scarlet_forest 
[2025-05-21 15:42:12] [INFO   ] Registered custom biome: crystalline_cluster 
[2025-05-21 15:42:12] [INFO   ] Freezing biome registry 
[2025-05-21 15:42:12] [INFO   ] [Structure Registry] Registered Large Structure: VillageHousePopulator 
[2025-05-21 15:42:12] [INFO   ] [Structure Registry] Registered Large Structure: VillagePopulator 
[2025-05-21 15:42:12] [INFO   ] [Structure Registry] Registered Large Structure: OutpostPopulator 
[2025-05-21 15:42:12] [INFO   ] [Structure Registry] Registered Large Structure: PyramidPopulator 
[2025-05-21 15:42:12] [INFO   ] [Structure Registry] Registered Large Structure: MonumentPopulator 
[2025-05-21 15:42:12] [INFO   ] [Structure Registry] Registered Large Structure: StrongholdPopulator 
[2025-05-21 15:42:12] [INFO   ] [Structure Registry] Registered Large Structure: MansionPopulator 
[2025-05-21 15:42:12] [INFO   ] [Structure Registry] Registered Large Structure: AncientCityPopulator 
[2025-05-21 15:42:12] [INFO   ] [Structure Registry] Registered Large Structure: TrialChamberPopulator 
[2025-05-21 15:42:12] [INFO   ] [Structure Registry] Registered Large Structure: LargeCavePopulator 
[2025-05-21 15:42:12] [INFO   ] [Structure Registry] Registered Large Structure: MineshaftPopulator 
[2025-05-21 15:42:12] [INFO   ] [Structure Registry] Registered Large Structure: CatacombsPopulator 
[2025-05-21 15:42:12] [INFO   ] [Structure Registry] Registered Large Structure: BadlandsMinePopulator 
[2025-05-21 15:42:12] [INFO   ] [Structure Registry] Registered Large Structure: WarmOceanRuinsPopulator 
[2025-05-21 15:42:12] [INFO   ] [Structure Registry] Registered Large Structure: TrailRuinsPopulator 
[2025-05-21 15:42:12] [INFO   ] [Structure Registry] Registered Small Structure: SmallDungeonPopulator 
[2025-05-21 15:42:12] [INFO   ] [Structure Registry] Registered Small Structure: ShipwreckPopulator 
[2025-05-21 15:42:12] [INFO   ] [Structure Registry] Registered Small Structure: BuriedTreasurePopulator 
[2025-05-21 15:42:12] [INFO   ] [Structure Registry] Registered Small Structure: RuinedPortalPopulator 
[2025-05-21 15:42:12] [INFO   ] [Structure Registry] Registered Small Structure: IglooPopulator 
[2025-05-21 15:42:12] [INFO   ] [Structure Registry] Registered Small Structure: DesertWellPopulator 
[2025-05-21 15:42:12] [INFO   ] [Structure Registry] Registered Small Structure: WitchHutPopulator 
[2025-05-21 15:42:12] [INFO   ] Creating TW instance: world - 9110761117206617627 
[2025-05-21 15:42:13] [INFO   ]  Detected world: world, commencing injection...  
[2025-05-21 15:42:13] [INFO   ] Creating TW instance: world - 9110761117206617627 
[2025-05-21 15:42:13] [INFO   ] NMSChunkGenerator Delegate is of type CustomChunkGenerator 
[2025-05-21 15:42:13] [INFO   ] Post injection: getChunkSource().getChunkGenerator() is of type NMSChunkGenerator 
[2025-05-21 15:42:13] [INFO   ]  Injection success! Proceeding with generation. 
[2025-05-21 15:42:14] [INFO   ]  world loaded. 
[2025-05-21 16:16:15] [INFO   ]  Custom Logger Initialized 
[2025-05-21 16:16:15] [INFO   ] [NOTICE] TerraformGenerator will suppress the server's watchdog while generating chunks to prevent unnecessary stacktrace warnings. Unless you specifically need thewatchdog now (to take aikar timings or debug lag), you don't need to take any action. 
[2025-05-21 16:16:15] [INFO   ] It is recommended to pregenerate to reduce lag problems. 
[2025-05-21 16:16:15] [INFO   ] Watchdog Thread hooked. 
[2025-05-21 16:16:15] [INFO   ]  bStats Metrics enabled. 
[2025-05-21 16:16:15] [INFO   ]  Detected version: 1.21.3, number: 21.3 
[2025-05-21 16:16:15] [INFO   ] Unfreezing biome registry... 
[2025-05-21 16:16:15] [INFO   ] Registered custom biome: muddy_bog 
[2025-05-21 16:16:15] [INFO   ] Registered custom biome: cherry_grove 
[2025-05-21 16:16:15] [INFO   ] Registered custom biome: scarlet_forest 
[2025-05-21 16:16:15] [INFO   ] Registered custom biome: crystalline_cluster 
[2025-05-21 16:16:15] [INFO   ] Freezing biome registry 
[2025-05-21 16:16:15] [INFO   ] [Structure Registry] Registered Large Structure: VillageHousePopulator 
[2025-05-21 16:16:15] [INFO   ] [Structure Registry] Registered Large Structure: VillagePopulator 
[2025-05-21 16:16:15] [INFO   ] [Structure Registry] Registered Large Structure: OutpostPopulator 
[2025-05-21 16:16:15] [INFO   ] [Structure Registry] Registered Large Structure: PyramidPopulator 
[2025-05-21 16:16:15] [INFO   ] [Structure Registry] Registered Large Structure: MonumentPopulator 
[2025-05-21 16:16:15] [INFO   ] [Structure Registry] Registered Large Structure: StrongholdPopulator 
[2025-05-21 16:16:15] [INFO   ] [Structure Registry] Registered Large Structure: MansionPopulator 
[2025-05-21 16:16:15] [INFO   ] [Structure Registry] Registered Large Structure: AncientCityPopulator 
[2025-05-21 16:16:15] [INFO   ] [Structure Registry] Registered Large Structure: TrialChamberPopulator 
[2025-05-21 16:16:15] [INFO   ] [Structure Registry] Registered Large Structure: LargeCavePopulator 
[2025-05-21 16:16:15] [INFO   ] [Structure Registry] Registered Large Structure: MineshaftPopulator 
[2025-05-21 16:16:15] [INFO   ] [Structure Registry] Registered Large Structure: CatacombsPopulator 
[2025-05-21 16:16:15] [INFO   ] [Structure Registry] Registered Large Structure: BadlandsMinePopulator 
[2025-05-21 16:16:15] [INFO   ] [Structure Registry] Registered Large Structure: WarmOceanRuinsPopulator 
[2025-05-21 16:16:15] [INFO   ] [Structure Registry] Registered Large Structure: TrailRuinsPopulator 
[2025-05-21 16:16:15] [INFO   ] [Structure Registry] Registered Small Structure: SmallDungeonPopulator 
[2025-05-21 16:16:15] [INFO   ] [Structure Registry] Registered Small Structure: ShipwreckPopulator 
[2025-05-21 16:16:15] [INFO   ] [Structure Registry] Registered Small Structure: BuriedTreasurePopulator 
[2025-05-21 16:16:15] [INFO   ] [Structure Registry] Registered Small Structure: RuinedPortalPopulator 
[2025-05-21 16:16:15] [INFO   ] [Structure Registry] Registered Small Structure: IglooPopulator 
[2025-05-21 16:16:15] [INFO   ] [Structure Registry] Registered Small Structure: DesertWellPopulator 
[2025-05-21 16:16:15] [INFO   ] [Structure Registry] Registered Small Structure: WitchHutPopulator 
[2025-05-21 16:16:16] [INFO   ] Creating TW instance: world - 9110761117206617627 
[2025-05-21 16:16:16] [INFO   ]  Detected world: world, commencing injection...  
[2025-05-21 16:16:16] [INFO   ] Creating TW instance: world - 9110761117206617627 
[2025-05-21 16:16:16] [INFO   ] NMSChunkGenerator Delegate is of type CustomChunkGenerator 
[2025-05-21 16:16:16] [INFO   ] Post injection: getChunkSource().getChunkGenerator() is of type NMSChunkGenerator 
[2025-05-21 16:16:16] [INFO   ]  Injection success! Proceeding with generation. 
[2025-05-21 16:16:18] [INFO   ]  world loaded. 
[2025-05-21 21:18:23] [INFO   ]  Custom Logger Initialized 
[2025-05-21 21:18:23] [INFO   ] [NOTICE] TerraformGenerator will suppress the server's watchdog while generating chunks to prevent unnecessary stacktrace warnings. Unless you specifically need thewatchdog now (to take aikar timings or debug lag), you don't need to take any action. 
[2025-05-21 21:18:23] [INFO   ] It is recommended to pregenerate to reduce lag problems. 
[2025-05-21 21:18:23] [INFO   ] Watchdog Thread hooked. 
[2025-05-21 21:18:23] [INFO   ]  bStats Metrics enabled. 
[2025-05-21 21:18:23] [INFO   ]  Detected version: 1.21.3, number: 21.3 
[2025-05-21 21:18:23] [INFO   ] Unfreezing biome registry... 
[2025-05-21 21:18:23] [INFO   ] Registered custom biome: muddy_bog 
[2025-05-21 21:18:23] [INFO   ] Registered custom biome: cherry_grove 
[2025-05-21 21:18:23] [INFO   ] Registered custom biome: scarlet_forest 
[2025-05-21 21:18:23] [INFO   ] Registered custom biome: crystalline_cluster 
[2025-05-21 21:18:23] [INFO   ] Freezing biome registry 
[2025-05-21 21:18:23] [INFO   ] [Structure Registry] Registered Large Structure: VillageHousePopulator 
[2025-05-21 21:18:23] [INFO   ] [Structure Registry] Registered Large Structure: VillagePopulator 
[2025-05-21 21:18:23] [INFO   ] [Structure Registry] Registered Large Structure: OutpostPopulator 
[2025-05-21 21:18:23] [INFO   ] [Structure Registry] Registered Large Structure: PyramidPopulator 
[2025-05-21 21:18:23] [INFO   ] [Structure Registry] Registered Large Structure: MonumentPopulator 
[2025-05-21 21:18:23] [INFO   ] [Structure Registry] Registered Large Structure: StrongholdPopulator 
[2025-05-21 21:18:23] [INFO   ] [Structure Registry] Registered Large Structure: MansionPopulator 
[2025-05-21 21:18:23] [INFO   ] [Structure Registry] Registered Large Structure: AncientCityPopulator 
[2025-05-21 21:18:23] [INFO   ] [Structure Registry] Registered Large Structure: TrialChamberPopulator 
[2025-05-21 21:18:23] [INFO   ] [Structure Registry] Registered Large Structure: LargeCavePopulator 
[2025-05-21 21:18:23] [INFO   ] [Structure Registry] Registered Large Structure: MineshaftPopulator 
[2025-05-21 21:18:23] [INFO   ] [Structure Registry] Registered Large Structure: CatacombsPopulator 
[2025-05-21 21:18:23] [INFO   ] [Structure Registry] Registered Large Structure: BadlandsMinePopulator 
[2025-05-21 21:18:23] [INFO   ] [Structure Registry] Registered Large Structure: WarmOceanRuinsPopulator 
[2025-05-21 21:18:23] [INFO   ] [Structure Registry] Registered Large Structure: TrailRuinsPopulator 
[2025-05-21 21:18:23] [INFO   ] [Structure Registry] Registered Small Structure: SmallDungeonPopulator 
[2025-05-21 21:18:23] [INFO   ] [Structure Registry] Registered Small Structure: ShipwreckPopulator 
[2025-05-21 21:18:23] [INFO   ] [Structure Registry] Registered Small Structure: BuriedTreasurePopulator 
[2025-05-21 21:18:23] [INFO   ] [Structure Registry] Registered Small Structure: RuinedPortalPopulator 
[2025-05-21 21:18:23] [INFO   ] [Structure Registry] Registered Small Structure: IglooPopulator 
[2025-05-21 21:18:23] [INFO   ] [Structure Registry] Registered Small Structure: DesertWellPopulator 
[2025-05-21 21:18:23] [INFO   ] [Structure Registry] Registered Small Structure: WitchHutPopulator 
[2025-05-21 21:18:24] [INFO   ] Creating TW instance: world - 9110761117206617627 
[2025-05-21 21:18:24] [INFO   ]  Detected world: world, commencing injection...  
[2025-05-21 21:18:24] [INFO   ] Creating TW instance: world - 9110761117206617627 
[2025-05-21 21:18:24] [INFO   ] NMSChunkGenerator Delegate is of type CustomChunkGenerator 
[2025-05-21 21:18:24] [INFO   ] Post injection: getChunkSource().getChunkGenerator() is of type NMSChunkGenerator 
[2025-05-21 21:18:24] [INFO   ]  Injection success! Proceeding with generation. 
[2025-05-21 21:18:26] [INFO   ]  world loaded. 
