[21/05/2025 17:52:08] ItsSoulTime won Iron Ingot (ID: iron_ingot, Weight: 10.0) from Diaria Crate (ID: diaria)
[21/05/2025 17:52:22] ItsSoulTime won Iron Ingot (ID: iron_ingot, Weight: 10.0) from Diaria Crate (ID: diaria)
[21/05/2025 17:52:27] ItsSoulTime won Iron Ingot (ID: iron_ingot, Weight: 10.0) from Diaria Crate (ID: diaria)
[21/05/2025 17:54:09] ItsSoulTime won Gold Ingot (ID: gold_ingot, Weight: 10.0) from Diaria Crate (ID: diaria)
[21/05/2025 17:54:29] ItsSoulTime won Gold Ingot (ID: gold_ingot, Weight: 10.0) from Diaria Crate (ID: diaria)
[21/05/2025 17:56:03] ItsSoulTime won Gold Ingot (ID: gold_ingot, Weight: 10.0) from Diaria Crate (ID: diaria)
[21/05/2025 17:56:41] ItsSoulTime won Gold Ingot (ID: gold_ingot, Weight: 10.0) from Diaria Crate (ID: diaria)
[21/05/2025 18:00:08] ItsSoulTime won Copper Ingot (ID: copper_ingot, Weight: 20.0) from Diaria Crate (ID: diaria)
[21/05/2025 18:05:33] ItsSoulTime won Gold Ingot (ID: gold_ingot, Weight: 5.0) from Diaria Crate (ID: diaria)
[21/05/2025 18:05:38] ItsSoulTime won Iron Ingot (ID: iron_ingot, Weight: 15.0) from Diaria Crate (ID: diaria)
[21/05/2025 18:05:40] ItsSoulTime won Copper Ingot (ID: copper_ingot, Weight: 20.0) from Diaria Crate (ID: diaria)
[21/05/2025 18:05:41] ItsSoulTime won Gold Ingot (ID: gold_ingot, Weight: 5.0) from Diaria Crate (ID: diaria)
[21/05/2025 18:06:35] ItsSoulTime won Iron Ingot (ID: iron_ingot, Weight: 15.0) from Diaria Crate (ID: diaria)
[21/05/2025 18:19:00] ItsSoulTime won Copper Ingot (ID: copper_ingot, Weight: 20.0) from Diaria Crate (ID: diaria)
[21/05/2025 21:24:10] ItsSoulTime won Iron Ingot (ID: iron_ingot, Weight: 15.0) from Diaria Crate (ID: diaria)
[21/05/2025 21:31:59] ItsSoulTime won Netherite Ingot (ID: netherite_ingot, Weight: 29.0) from Semanal Crate Crate (ID: semanal_crate)
[21/05/2025 21:33:07] ItsSoulTime won Emerald (ID: emerald, Weight: 60.0) from Semanal Crate (ID: semanal_crate)
[21/05/2025 21:33:25] ItsSoulTime won Diamond (ID: diamond, Weight: 40.0) from Semanal Crate (ID: semanal_crate)
[21/05/2025 21:33:28] ItsSoulTime won Netherite Ingot (ID: netherite_ingot, Weight: 29.0) from Semanal Crate (ID: semanal_crate)
[21/05/2025 21:33:29] ItsSoulTime won Netherite Scrap (ID: netherite_scrap, Weight: 35.0) from Semanal Crate (ID: semanal_crate)
[21/05/2025 21:33:30] ItsSoulTime won Diamond (ID: diamond, Weight: 40.0) from Semanal Crate (ID: semanal_crate)
[21/05/2025 21:33:31] ItsSoulTime won Nether Star (ID: nether_star, Weight: 5.0) from Semanal Crate (ID: semanal_crate)
