[00:03:45] [Server thread/INFO]: ItsSoulTime issued server command: /ie enchant scavenger 3
[00:03:59] [Server thread/INFO]: ItsSoulTime issued server command: /ie enchant venom 2
[00:04:25] [Server thread/INFO]: ItsSoulTime issued server command: /ie rename &f&lMystical &d&lSpellblade
[00:05:05] [Server thread/INFO]: Named entity IronGolem['Test'/170, uuid='041e2412-2461-44b1-b364-38f7bba27cf1', l='ServerLevel[etc]', x=22.13, y=205.00, z=4.51, cpos=[1, 0], tl=204, v=true] died: Test was slain by ItsSoulTime using [Mystical Spellblade]
[00:05:25] [Server thread/INFO]: ItsSoulTime issued server command: /eenchants list
[00:05:41] [Server thread/INFO]: Named entity IronGolem['Test'/173, uuid='fcd66521-3737-45fc-89f2-1fe86192316a', l='ServerLevel[etc]', x=25.68, y=205.00, z=2.16, cpos=[1, 0], tl=589, v=true] died: Test was slain by ItsSoulTime using [Mystical Spellblade]
[00:06:10] [Server thread/INFO]: Named entity IronGolem['Test'/177, uuid='fd83dc18-3e9b-421b-8878-6e7acda73c0a', l='ServerLevel[etc]', x=19.13, y=205.00, z=1.33, cpos=[1, 0], tl=296, v=true] died: Test was slain by ItsSoulTime using [Mystical Spellblade]
[00:06:52] [Server thread/INFO]: ItsSoulTime issued server command: /ie attribute add attack_damage 7 add_number mainhand
[00:07:12] [Server thread/INFO]: ItsSoulTime issued server command: /ie attribute add attack_speed 1.8 add_number mainhand
[00:08:10] [Server thread/INFO]: ItsSoulTime issued server command: /ie enchant sharpness 9
[00:08:23] [Server thread/INFO]: ItsSoulTime issued server command: /ie enchant unbreaking 5
[00:08:31] [Server thread/INFO]: ItsSoulTime issued server command: /ie enchant looting 4
[00:09:32] [Server thread/INFO]: ItsSoulTime issued server command: /ie enchant sweeping_edge 6
[00:09:50] [Server thread/INFO]: ItsSoulTime issued server command: /ie enchant mending 1
[00:10:27] [Server thread/INFO]: ItsSoulTime issued server command: /ie rename &e&lFloral &c&lLongsword
[00:10:47] [Server thread/INFO]: ItsSoulTime issued server command: /ie attribute remove attack_speed
[00:10:54] [Server thread/INFO]: ItsSoulTime issued server command: /ie attribute remove attack_speed
[00:10:59] [Server thread/INFO]: ItsSoulTime issued server command: /ie attribute remove attack_speed 1.6
[00:11:07] [Server thread/INFO]: ItsSoulTime issued server command: /ie attribute remove attack_speed 1.6 1
[00:11:25] [Server thread/INFO]: ItsSoulTime issued server command: /ie attribute add attack_speed 0.1 add_number mainhand
[00:12:11] [Server thread/INFO]: ItsSoulTime issued server command: /ie attribute remove attack_speed 1
[00:12:27] [Server thread/INFO]: ItsSoulTime issued server command: /ie attribute remove attack_speed 1 1
[00:12:32] [Server thread/INFO]: ItsSoulTime issued server command: /ie attribute remove attack_speed 2
[00:12:34] [Server thread/INFO]: ItsSoulTime issued server command: /ie attribute remove attack_speed
[00:14:38] [Server thread/INFO]: Unknown or incomplete command, see below for error
dsf}+<--[HERE]
[00:16:44] [Server thread/INFO]: ItsSoulTime issued server command: /ie attribute add attack_speed 0 add_number mainhand
[00:16:51] [Server thread/INFO]: ItsSoulTime issued server command: /ie attribute add attack_speed -1 add_number mainhand
[00:17:05] [Server thread/INFO]: ItsSoulTime issued server command: /ie attribute add attack_speed -2 add_number mainhand
[00:17:20] [Server thread/INFO]: ItsSoulTime issued server command: /ie attribute remove attack_speed
[00:17:23] [Server thread/INFO]: ItsSoulTime issued server command: /ie attribute add attack_speed -2 add_number mainhand
[00:17:30] [Server thread/INFO]: ItsSoulTime issued server command: /ie attribute add attack_speed -2 add_number mainhand
[00:17:40] [Server thread/INFO]: ItsSoulTime issued server command: /ie attribute remove attack_speed
[00:17:47] [Server thread/INFO]: ItsSoulTime issued server command: /ie attribute add attack_speed -3 add_number mainhand
[00:17:52] [Server thread/INFO]: ItsSoulTime issued server command: /ie attribute remove attack_speed
[00:17:56] [Server thread/INFO]: ItsSoulTime issued server command: /ie attribute add attack_speed -4 add_number mainhand
[00:18:02] [Server thread/INFO]: ItsSoulTime issued server command: /ie attribute remove attack_speed
[00:18:09] [Server thread/INFO]: ItsSoulTime issued server command: /ie attribute add attack_speed -3.1 add_number mainhand
[00:18:20] [Server thread/INFO]: ItsSoulTime issued server command: /ie attribute remove attack_speed
[00:18:24] [Server thread/INFO]: ItsSoulTime issued server command: /ie attribute add attack_speed -3.3 add_number mainhand
[00:18:51] [Server thread/INFO]: ItsSoulTime issued server command: /eenchants list
[00:19:20] [Server thread/INFO]: ItsSoulTime issued server command: /eenchants enchant venom 4
[00:20:49] [Server thread/INFO]: ItsSoulTime issued server command: /ie attribute add attack_damage 10 add_number mainhand
[00:21:22] [Server thread/INFO]: ItsSoulTime issued server command: /ie lore add
[00:21:53] [Server thread/INFO]: ItsSoulTime issued server command: /ie lore add &f&l➤ &eUna Arma con una Hermosa Flor en el Mango
[00:22:27] [Server thread/INFO]: ItsSoulTime issued server command: /ie lore add &eSe ve que es algo Grande y Lenta al ataque
[00:22:45] [Server thread/INFO]: ItsSoulTime issued server command: /ie lore add &ePero Tambien se ve que pega buenos golpes
[00:23:23] [Server thread/INFO]: ItsSoulTime issued server command: /ie lore add &eSe ve que envenena , ¿La probaras ahora mismo?
[00:24:09] [Server thread/INFO]: Named entity IronGolem['Test'/182, uuid='c6900813-fa51-4c81-aaec-12dfb8f50590', l='ServerLevel[etc]', x=21.13, y=205.00, z=4.50, cpos=[1, 0], tl=477, v=true] died: Test was slain by ItsSoulTime using [Floral Longsword]
[00:27:17] [Server thread/INFO]: ItsSoulTime issued server command: /ie enchant sharpness 8
[00:27:30] [Server thread/INFO]: ItsSoulTime issued server command: /ie enchant unbreaking 5
[00:27:35] [Server thread/INFO]: ItsSoulTime issued server command: /ie enchant mending 1
[00:29:23] [Server thread/INFO]: ItsSoulTime issued server command: /ie enchant looting 4
[00:29:36] [Server thread/INFO]: ItsSoulTime issued server command: /ie enchant sweeping_edge 5
[00:29:48] [Server thread/INFO]: ItsSoulTime issued server command: /ie enchant knockback 2
[00:30:13] [Server thread/INFO]: ItsSoulTime issued server command: /ie enchant venom 4
[00:30:42] [Server thread/INFO]: ItsSoulTime issued server command: /ie attribute add attack_damage 7 add_number mainhand
